<?xml version="1.0" encoding="UTF-8"?>
<!-- Generated by org.testng.reporters.JUnitReportReporter -->
<testsuite hostname="LAPTOP-9U1KJMDO" failures="0" tests="1" name="com.Test.HomePageTest" time="4.788" errors="0" timestamp="2025-07-16T20:02:29 IST" skipped="0">
  <testcase classname="com.Test.HomePageTest" name="verifyOrangeHRMLogo" time="4.788"/>
  <system-out/>
</testsuite> <!-- com.Test.HomePageTest -->
