<?xml version="1.0" encoding="UTF-8"?>
<!-- Generated by org.testng.reporters.JUnitReportReporter -->
<testsuite hostname="LAPTOP-9U1KJMDO" failures="0" tests="2" name="com.Test.LoginPageTest" time="13.670" errors="0" timestamp="2025-07-16T20:02:29 IST" skipped="0">
  <testcase classname="com.Test.LoginPageTest" name="inValidLoginTest" time="6.605"/>
  <system-out/>
  <testcase classname="com.Test.LoginPageTest" name="verifyValidLoginTest" time="7.065"/>
  <system-out/>
</testsuite> <!-- com.Test.LoginPageTest -->
