<?xml version="1.0" encoding="UTF-8"?>
<!-- Generated by org.testng.reporters.JUnitReportReporter -->
<testsuite hostname="LAPTOP-9U1KJMDO" failures="0" tests="2" name="com.Test.LoginPageTest" time="12.672" errors="0" timestamp="2025-07-16T14:16:05 IST" skipped="0">
  <testcase classname="com.Test.LoginPageTest" name="verifyValidLoginTest" time="6.743"/>
  <system-out/>
  <testcase classname="com.Test.LoginPageTest" name="inValidLoginTest" time="5.929"/>
  <system-out/>
</testsuite> <!-- com.Test.LoginPageTest -->
