<?xml version="1.0" encoding="UTF-8"?>
<!-- Generated by org.testng.reporters.JUnitReportReporter -->
<testsuite hostname="LAPTOP-9U1KJMDO" failures="0" tests="2" name="com.Test.LoginPageTest" time="12.820" errors="0" timestamp="2025-07-16T20:03:06 IST" skipped="0">
  <testcase classname="com.Test.LoginPageTest" name="inValidLoginTest" time="6.399"/>
  <testcase classname="com.Test.LoginPageTest" name="verifyValidLoginTest" time="6.421"/>
</testsuite> <!-- com.Test.LoginPageTest -->
