<?xml version="1.0" encoding="UTF-8"?>
<!-- Generated by org.testng.reporters.JUnitReportReporter -->
<testsuite hostname="LAPTOP-9U1KJMDO" failures="0" tests="1" name="com.Test.HomePageTest" time="4.226" errors="0" timestamp="2025-07-16T20:03:06 IST" skipped="0">
  <testcase classname="com.Test.HomePageTest" name="verifyOrangeHRMLogo" time="4.226"/>
</testsuite> <!-- com.Test.HomePageTest -->
